<?xml version="1.0" encoding="UTF-8"?>
<!-- Generated by org.testng.reporters.JUnitXMLReporter -->
<testsuite ignored="0" hostname="DESKTOP-P2R4BJQ" failures="0" tests="3" name="chromeTest" time="21.681" errors="0" timestamp="2023-08-20T22:24:23 IST">
  <testcase classname="day43.ParamTest" name="testLogo" time="3.073"/>
  <testcase classname="day43.ParamTest" name="testHomePageTitle" time="0.018"/>
  <testcase classname="day43.ParamTest" name="testAppUrl" time="0.016"/>
</testsuite> <!-- chromeTest -->
