<?xml version="1.0" encoding="UTF-8"?>
<!-- Generated by org.testng.reporters.JUnitXMLReporter -->
<testsuite ignored="0" hostname="DESKTOP-P2R4BJQ" failures="0" tests="3" name="edgeTest" time="18.67" errors="0" timestamp="2023-08-20T22:24:20 IST">
  <testcase classname="day43.ParamTest" name="testLogo" time="3.117"/>
  <testcase classname="day43.ParamTest" name="testHomePageTitle" time="0.024"/>
  <testcase classname="day43.ParamTest" name="testAppUrl" time="0.014"/>
</testsuite> <!-- edgeTest -->
