<?xml version="1.0" encoding="UTF-8"?>
<!-- Generated by org.testng.reporters.JUnitXMLReporter -->
<testsuite ignored="0" hostname="DESKTOP-P2R4BJQ" failures="1" tests="3" name="mytest" time="14.206" errors="0" timestamp="2023-08-22T21:48:53 IST">
  <testcase classname="day44.OrangeHRMTest" name="testLogo" time="3.121"/>
  <testcase classname="day44.OrangeHRMTest" name="testAppURL" time="0.036">
    <failure type="java.lang.AssertionError" message="expected [https://opensourcehrm.com] but found [https://opensource-demo.orangehrmlive.com/web/index.php/auth/login]">
      <![CDATA[java.lang.AssertionError: expected [https://opensourcehrm.com] but found [https://opensource-demo.orangehrmlive.com/web/index.php/auth/login]
at day44.OrangeHRMTest.testAppURL(OrangeHRMTest.java:47)
at java.base/java.util.ArrayList.forEach(ArrayList.java:1511)
... Removed 33 stack frames]]>
    </failure>
  </testcase> <!-- testAppURL -->
  <testcase classname="day44.OrangeHRMTest" name="testHomePageTitle" time="0.0">
    <skipped/>
  </testcase> <!-- testHomePageTitle -->
</testsuite> <!-- mytest -->
