<?xml version="1.0" encoding="UTF-8"?>
<!-- Generated by org.testng.reporters.JUnitXMLReporter -->
<testsuite ignored="6" hostname="DESKTOP-P2R4BJQ" failures="0" tests="3" name="Test" time="0.155" errors="0" timestamp="2023-08-20T22:16:47 IST">
  <testcase classname="day42.grouping.PaymentTests" name="paymentinrupees" time="0.018"/>
  <testcase classname="day42.grouping.LoginTests" name="loginByfacebook" time="0.005"/>
  <testcase classname="day42.grouping.LoginTests" name="loginBytwitter" time="0.005"/>
  <testcase classname="day42.grouping.PaymentTests" name="paymentReturnbyBank" time="0.0">
    <ignored/>
  </testcase> <!-- paymentReturnbyBank -->
  <testcase classname="day42.grouping.PaymentTests" name="paymentindollar" time="0.0">
    <ignored/>
  </testcase> <!-- paymentindollar -->
  <testcase classname="day42.grouping.SignUpTests" name="signupbyfacebook" time="0.0">
    <ignored/>
  </testcase> <!-- signupbyfacebook -->
  <testcase classname="day42.grouping.SignUpTests" name="signupBytwitter" time="0.0">
    <ignored/>
  </testcase> <!-- signupBytwitter -->
  <testcase classname="day42.grouping.SignUpTests" name="signupbyemail" time="0.0">
    <ignored/>
  </testcase> <!-- signupbyemail -->
  <testcase classname="day42.grouping.LoginTests" name="loginByEmail" time="0.0">
    <ignored/>
  </testcase> <!-- loginByEmail -->
</testsuite> <!-- Test -->
