<?xml version="1.0" encoding="UTF-8"?>
<testng-results ignored="0" total="1" passed="1" failed="0" skipped="0">
  <reporter-output>
  </reporter-output>
  <suite started-at="2023-08-24T20:04:23 IST" name="Default suite" finished-at="2023-08-24T20:04:30 IST" duration-ms="7439">
    <groups>
    </groups>
    <test started-at="2023-08-24T20:04:23 IST" name="Default test" finished-at="2023-08-24T20:04:30 IST" duration-ms="7439">
      <class name="day45.LoginTest">
        <test-method is-config="true" signature="setUp()[pri:0, instance:day45.LoginTest@53fb3dab]" started-at="2023-08-24T20:04:23 IST" name="setUp" finished-at="2023-08-24T20:04:28 IST" duration-ms="5609" status="PASS">
          <reporter-output>
          </reporter-output>
        </test-method> <!-- setUp -->
        <test-method signature="testLogin()[pri:0, instance:day45.LoginTest@53fb3dab]" started-at="2023-08-24T20:04:28 IST" name="testLogin" finished-at="2023-08-24T20:04:30 IST" duration-ms="1628" status="PASS">
          <reporter-output>
          </reporter-output>
        </test-method> <!-- testLogin -->
        <test-method is-config="true" signature="tearDown()[pri:0, instance:day45.LoginTest@53fb3dab]" started-at="2023-08-24T20:04:30 IST" name="tearDown" finished-at="2023-08-24T20:04:30 IST" duration-ms="163" status="PASS">
          <reporter-output>
          </reporter-output>
        </test-method> <!-- tearDown -->
      </class> <!-- day45.LoginTest -->
    </test> <!-- Default test -->
  </suite> <!-- Default suite -->
</testng-results>
